<?xml version="1.0" encoding="UTF-8"?>
<!-- Generated by org.testng.reporters.JUnitXMLReporter -->
<testsuite ignored="0" hostname="PcTheGr8" failures="3" tests="7" name="Test automation framework" time="68.665" errors="0" timestamp="2024-03-12T16:32:40 IST">
  <testcase classname="Assign_Framework.test.Registration" name="userRegistration" time="12.055"/>
  <testcase classname="Assign_Framework.test.loginTest" name="signinTest" time="6.214"/>
  <testcase classname="Assign_Framework.test.loginTest" name="verifyLoginSuccessPage" time="0.544"/>
  <testcase classname="Assign_Framework.test.loginTest" name="linktoRegisterPage" time="1.649"/>
  <testcase classname="Assign_Framework.test.flightReservation" name="flightReservationTest" time="14.307">
    <failure type="java.lang.AssertionError" message="Date of departure and arrival are same expected [false] but found [true]">
      <![CDATA[java.lang.AssertionError: Date of departure and arrival are same expected [false] but found [true]
at Assign_Framework.test.flightReservation.flightReservationTest(flightReservation.java:84)
at java.base/java.util.ArrayList.forEach(ArrayList.java:1511)
... Removed 30 stack frames]]>
    </failure>
  </testcase> <!-- flightReservationTest -->
  <testcase classname="Assign_Framework.test.flightReservation" name="flightReservationTest" time="11.478">
    <failure type="java.lang.AssertionError" message="Date of departure and arrival are same expected [false] but found [true]">
      <![CDATA[java.lang.AssertionError: Date of departure and arrival are same expected [false] but found [true]
at Assign_Framework.test.flightReservation.flightReservationTest(flightReservation.java:84)
at java.base/java.util.ArrayList.forEach(ArrayList.java:1511)
... Removed 30 stack frames]]>
    </failure>
  </testcase> <!-- flightReservationTest -->
  <testcase classname="Assign_Framework.test.flightReservation" name="flightReservationTest" time="11.22">
    <failure type="java.lang.AssertionError" message="Date of departure and arrival are same expected [false] but found [true]">
      <![CDATA[java.lang.AssertionError: Date of departure and arrival are same expected [false] but found [true]
at Assign_Framework.test.flightReservation.flightReservationTest(flightReservation.java:84)
at java.base/java.util.ArrayList.forEach(ArrayList.java:1511)
... Removed 30 stack frames]]>
    </failure>
  </testcase> <!-- flightReservationTest -->
</testsuite> <!-- Test automation framework -->
